<?xml version="1.0" encoding="UTF-8"?>
<coverage generated="1546014552845" clover="3.2.0">
  <project timestamp="1546014552845" name="All files">
    <metrics statements="10" coveredstatements="10" conditionals="0" coveredconditionals="0" methods="4" coveredmethods="4" elements="14" coveredelements="14" complexity="0" loc="10" ncloc="10" packages="1" files="2" classes="2">
      <file name="event-logger.js" path="/home/jonathan/codefellows/401/labs/06-event-driven-apps/06-event-driven-apps/event-logger.js">
        <metrics statements="6" coveredstatements="6" conditionals="0" coveredconditionals="0" methods="4" coveredmethods="4"/>
        <line num="2" count="1" type="stmt"/>
        <line num="5" count="1" type="stmt"/>
        <line num="6" count="1" type="stmt"/>
        <line num="12" count="1" type="stmt"/>
        <line num="13" count="1" type="stmt"/>
        <line num="17" count="1" type="stmt"/>
      </file>
      <file name="events.js" path="/home/jonathan/codefellows/401/labs/06-event-driven-apps/06-event-driven-apps/events.js">
        <metrics statements="4" coveredstatements="4" conditionals="0" coveredconditionals="0" methods="0" coveredmethods="0"/>
        <line num="2" count="1" type="stmt"/>
        <line num="3" count="1" type="stmt"/>
        <line num="4" count="1" type="stmt"/>
        <line num="7" count="1" type="stmt"/>
      </file>
    </metrics>
  </project>
</coverage>
