TN:
SF:/home/jonathan/codefellows/401/labs/06-event-driven-apps/06-event-driven-apps/event-logger.js
FN:4,savedLog
FN:5,(anonymous_1)
FN:10,errorLog
FN:12,(anonymous_3)
FNF:4
FNH:4
FNDA:1,savedLog
FNDA:1,(anonymous_1)
FNDA:1,errorLog
FNDA:1,(anonymous_3)
DA:2,1
DA:5,1
DA:6,1
DA:12,1
DA:13,1
DA:17,1
LF:6
LH:6
BRF:0
BRH:0
end_of_record
TN:
SF:/home/jonathan/codefellows/401/labs/06-event-driven-apps/06-event-driven-apps/events.js
FNF:0
FNH:0
DA:2,1
DA:3,1
DA:4,1
DA:7,1
LF:4
LH:4
BRF:0
BRH:0
end_of_record
